app/build/intermediates/manifest_merge_blame_file/debug/manifest-merger-blame-debug-report.txt
1<?xml version="1.0" encoding="utf-8"?>
2<manifest xmlns:android="http://schemas.android.com/apk/res/android"
3    package="com.droidedr"
4    android:versionCode="2"
5    android:versionName="2.0.0" >
6
7    <uses-sdk
8        android:minSdkVersion="26"
9        android:targetSdkVersion="34" />
10
11    <!-- Network Permissions -->
12    <uses-permission android:name="android.permission.INTERNET" />
12-->src/main/AndroidManifest.xml:6:5-67
12-->src/main/AndroidManifest.xml:6:22-64
13    <uses-permission android:name="android.permission.ACCESS_NETWORK_STATE" />
13-->src/main/AndroidManifest.xml:7:5-79
13-->src/main/AndroidManifest.xml:7:22-76
14    <uses-permission android:name="android.permission.ACCESS_WIFI_STATE" />
14-->src/main/AndroidManifest.xml:8:5-76
14-->src/main/AndroidManifest.xml:8:22-73
15    <uses-permission android:name="android.permission.CHANGE_WIFI_STATE" />
15-->src/main/AndroidManifest.xml:9:5-76
15-->src/main/AndroidManifest.xml:9:22-73
16    <uses-permission android:name="android.permission.CHANGE_NETWORK_STATE" />
16-->src/main/AndroidManifest.xml:10:5-79
16-->src/main/AndroidManifest.xml:10:22-76
17
18    <!-- System Monitoring -->
19    <uses-permission android:name="android.permission.PACKAGE_USAGE_STATS" />
19-->src/main/AndroidManifest.xml:13:5-14:47
19-->src/main/AndroidManifest.xml:13:22-75
20    <uses-permission android:name="android.permission.QUERY_ALL_PACKAGES" />
20-->src/main/AndroidManifest.xml:15:5-16:53
20-->src/main/AndroidManifest.xml:15:22-74
21    <uses-permission android:name="android.permission.GET_TASKS" />
21-->src/main/AndroidManifest.xml:17:5-18:45
21-->src/main/AndroidManifest.xml:17:22-65
22    <uses-permission android:name="android.permission.REAL_GET_TASKS" />
22-->src/main/AndroidManifest.xml:19:5-20:47
22-->src/main/AndroidManifest.xml:19:22-70
23
24    <!-- Security -->
25    <uses-permission android:name="android.permission.USE_BIOMETRIC" />
25-->src/main/AndroidManifest.xml:23:5-72
25-->src/main/AndroidManifest.xml:23:22-69
26    <uses-permission android:name="android.permission.USE_FINGERPRINT" />
26-->src/main/AndroidManifest.xml:24:5-74
26-->src/main/AndroidManifest.xml:24:22-71
27    <uses-permission android:name="android.permission.RECEIVE_BOOT_COMPLETED" />
27-->src/main/AndroidManifest.xml:25:5-81
27-->src/main/AndroidManifest.xml:25:22-78
28    <uses-permission android:name="android.permission.FOREGROUND_SERVICE" />
28-->src/main/AndroidManifest.xml:26:5-77
28-->src/main/AndroidManifest.xml:26:22-74
29    <uses-permission android:name="android.permission.FOREGROUND_SERVICE_DATA_SYNC" />
29-->src/main/AndroidManifest.xml:27:5-87
29-->src/main/AndroidManifest.xml:27:22-84
30    <uses-permission android:name="android.permission.POST_NOTIFICATIONS" />
30-->src/main/AndroidManifest.xml:28:5-77
30-->src/main/AndroidManifest.xml:28:22-74
31
32    <!-- Device Admin (Self-Healing) -->
33    <uses-permission android:name="android.permission.BIND_DEVICE_ADMIN" />
33-->src/main/AndroidManifest.xml:31:5-32:47
33-->src/main/AndroidManifest.xml:31:22-73
34
35    <!-- Storage -->
36    <uses-permission
36-->src/main/AndroidManifest.xml:35:5-36:38
37        android:name="android.permission.WRITE_EXTERNAL_STORAGE"
37-->src/main/AndroidManifest.xml:35:22-78
38        android:maxSdkVersion="28" />
38-->src/main/AndroidManifest.xml:36:9-35
39    <uses-permission
39-->src/main/AndroidManifest.xml:37:5-38:38
40        android:name="android.permission.READ_EXTERNAL_STORAGE"
40-->src/main/AndroidManifest.xml:37:22-77
41        android:maxSdkVersion="32" />
41-->src/main/AndroidManifest.xml:38:9-35
42
43    <!-- VPN for DNS Interception -->
44    <uses-permission android:name="android.permission.BIND_VPN_SERVICE" />
44-->src/main/AndroidManifest.xml:41:5-75
44-->src/main/AndroidManifest.xml:41:22-72
45
46    <!-- Accessibility for Process Monitoring -->
47    <uses-permission android:name="android.permission.BIND_ACCESSIBILITY_SERVICE" />
47-->src/main/AndroidManifest.xml:44:5-45:47
47-->src/main/AndroidManifest.xml:44:22-82
48
49    <!-- Battery -->
50    <uses-permission android:name="android.permission.REQUEST_IGNORE_BATTERY_OPTIMIZATIONS" />
50-->src/main/AndroidManifest.xml:48:5-95
50-->src/main/AndroidManifest.xml:48:22-92
51    <uses-permission android:name="android.permission.WAKE_LOCK" />
51-->src/main/AndroidManifest.xml:49:5-68
51-->src/main/AndroidManifest.xml:49:22-65
52
53    <!-- Bluetooth (for LotL detection) -->
54    <uses-permission
54-->src/main/AndroidManifest.xml:52:5-53:38
55        android:name="android.permission.BLUETOOTH_ADMIN"
55-->src/main/AndroidManifest.xml:52:22-71
56        android:maxSdkVersion="30" />
56-->src/main/AndroidManifest.xml:53:9-35
57    <uses-permission
57-->src/main/AndroidManifest.xml:54:5-55:38
58        android:name="android.permission.BLUETOOTH_CONNECT"
58-->src/main/AndroidManifest.xml:54:22-73
59        android:minSdkVersion="31" />
59-->src/main/AndroidManifest.xml:55:9-35
60    <uses-permission
60-->src/main/AndroidManifest.xml:56:5-57:38
61        android:name="android.permission.BLUETOOTH_SCAN"
61-->src/main/AndroidManifest.xml:56:22-70
62        android:minSdkVersion="31" />
62-->src/main/AndroidManifest.xml:57:9-35
63
64    <permission
64-->[androidx.core:core:1.12.0] AndroidManifest.xml:22:5-24:47
65        android:name="com.droidedr.DYNAMIC_RECEIVER_NOT_EXPORTED_PERMISSION"
65-->[androidx.core:core:1.12.0] AndroidManifest.xml:23:9-81
66        android:protectionLevel="signature" />
66-->[androidx.core:core:1.12.0] AndroidManifest.xml:24:9-44
67
68    <uses-permission android:name="com.droidedr.DYNAMIC_RECEIVER_NOT_EXPORTED_PERMISSION" />
68-->[androidx.core:core:1.12.0] AndroidManifest.xml:26:5-97
68-->[androidx.core:core:1.12.0] AndroidManifest.xml:26:22-94
69
70    <application
70-->src/main/AndroidManifest.xml:59:5-162:19
71        android:name="com.droidedr.DroidEDRApplication"
71-->src/main/AndroidManifest.xml:60:9-44
72        android:allowBackup="false"
72-->src/main/AndroidManifest.xml:61:9-36
73        android:appComponentFactory="androidx.core.app.CoreComponentFactory"
73-->[androidx.core:core:1.12.0] AndroidManifest.xml:28:18-86
74        android:dataExtractionRules="@xml/data_extraction_rules"
74-->src/main/AndroidManifest.xml:62:9-65
75        android:debuggable="true"
76        android:extractNativeLibs="false"
77        android:fullBackupContent="false"
77-->src/main/AndroidManifest.xml:63:9-42
78        android:icon="@android:drawable/sym_def_app_icon"
78-->src/main/AndroidManifest.xml:64:9-58
79        android:label="@string/app_name"
79-->src/main/AndroidManifest.xml:65:9-41
80        android:networkSecurityConfig="@xml/network_security_config"
80-->src/main/AndroidManifest.xml:66:9-69
81        android:supportsRtl="true"
81-->src/main/AndroidManifest.xml:67:9-35
82        android:theme="@style/Theme.DroidEDR" >
82-->src/main/AndroidManifest.xml:68:9-46
83
84        <!-- Main Activity -->
85        <activity
85-->src/main/AndroidManifest.xml:72:9-81:20
86            android:name="com.droidedr.ui.MainActivity"
86-->src/main/AndroidManifest.xml:73:13-44
87            android:exported="true"
87-->src/main/AndroidManifest.xml:74:13-36
88            android:launchMode="singleTop"
88-->src/main/AndroidManifest.xml:75:13-43
89            android:windowSoftInputMode="adjustResize" >
89-->src/main/AndroidManifest.xml:76:13-55
90            <intent-filter>
90-->src/main/AndroidManifest.xml:77:13-80:29
91                <action android:name="android.intent.action.MAIN" />
91-->src/main/AndroidManifest.xml:78:17-69
91-->src/main/AndroidManifest.xml:78:25-66
92
93                <category android:name="android.intent.category.LAUNCHER" />
93-->src/main/AndroidManifest.xml:79:17-77
93-->src/main/AndroidManifest.xml:79:27-74
94            </intent-filter>
95        </activity>
96
97        <!-- EDR Core Foreground Service -->
98        <service
98-->src/main/AndroidManifest.xml:84:9-89:72
99            android:name="com.droidedr.detection.EDRCoreService"
99-->src/main/AndroidManifest.xml:85:13-53
100            android:enabled="true"
100-->src/main/AndroidManifest.xml:86:13-35
101            android:exported="false"
101-->src/main/AndroidManifest.xml:87:13-37
102            android:foregroundServiceType="dataSync"
102-->src/main/AndroidManifest.xml:88:13-53
103            android:permission="android.permission.BIND_JOB_SERVICE" />
103-->src/main/AndroidManifest.xml:89:13-69
104
105        <!-- DNS VPN Interception Service -->
106        <service
106-->src/main/AndroidManifest.xml:92:9-100:19
107            android:name="com.droidedr.network.DnsVpnService"
107-->src/main/AndroidManifest.xml:93:13-50
108            android:enabled="true"
108-->src/main/AndroidManifest.xml:94:13-35
109            android:exported="false"
109-->src/main/AndroidManifest.xml:95:13-37
110            android:permission="android.permission.BIND_VPN_SERVICE" >
110-->src/main/AndroidManifest.xml:96:13-69
111            <intent-filter>
111-->src/main/AndroidManifest.xml:97:13-99:29
112                <action android:name="android.net.VpnService" />
112-->src/main/AndroidManifest.xml:98:17-65
112-->src/main/AndroidManifest.xml:98:25-62
113            </intent-filter>
114        </service>
115
116        <!-- Self-Healing Watchdog Service -->
117        <service
117-->src/main/AndroidManifest.xml:103:9-107:56
118            android:name="com.droidedr.healing.WatchdogService"
118-->src/main/AndroidManifest.xml:104:13-52
119            android:enabled="true"
119-->src/main/AndroidManifest.xml:105:13-35
120            android:exported="false"
120-->src/main/AndroidManifest.xml:106:13-37
121            android:foregroundServiceType="dataSync" />
121-->src/main/AndroidManifest.xml:107:13-53
122
123        <!-- Boot Receiver for persistence -->
124        <receiver
124-->src/main/AndroidManifest.xml:110:9-121:20
125            android:name="com.droidedr.healing.BootReceiver"
125-->src/main/AndroidManifest.xml:111:13-49
126            android:enabled="true"
126-->src/main/AndroidManifest.xml:112:13-35
127            android:exported="true" >
127-->src/main/AndroidManifest.xml:113:13-36
128            <intent-filter android:priority="999" >
128-->src/main/AndroidManifest.xml:114:13-120:29
128-->src/main/AndroidManifest.xml:114:28-50
129                <action android:name="android.intent.action.BOOT_COMPLETED" />
129-->src/main/AndroidManifest.xml:115:17-79
129-->src/main/AndroidManifest.xml:115:25-76
130                <action android:name="android.intent.action.QUICKBOOT_POWERON" />
130-->src/main/AndroidManifest.xml:116:17-82
130-->src/main/AndroidManifest.xml:116:25-79
131                <action android:name="com.htc.intent.action.QUICKBOOT_POWERON" />
131-->src/main/AndroidManifest.xml:117:17-82
131-->src/main/AndroidManifest.xml:117:25-79
132                <action android:name="android.intent.action.MY_PACKAGE_REPLACED" />
132-->src/main/AndroidManifest.xml:118:17-84
132-->src/main/AndroidManifest.xml:118:25-81
133
134                <category android:name="android.intent.category.DEFAULT" />
134-->src/main/AndroidManifest.xml:119:17-76
134-->src/main/AndroidManifest.xml:119:27-73
135            </intent-filter>
136        </receiver>
137
138        <!-- Device Admin Receiver -->
139        <receiver
139-->src/main/AndroidManifest.xml:124:9-134:20
140            android:name="com.droidedr.healing.EDRDeviceAdminReceiver"
140-->src/main/AndroidManifest.xml:125:13-59
141            android:exported="true"
141-->src/main/AndroidManifest.xml:126:13-36
142            android:permission="android.permission.BIND_DEVICE_ADMIN" >
142-->src/main/AndroidManifest.xml:127:13-70
143            <meta-data
143-->src/main/AndroidManifest.xml:128:13-130:56
144                android:name="android.app.device_admin"
144-->src/main/AndroidManifest.xml:129:17-56
145                android:resource="@xml/device_admin" />
145-->src/main/AndroidManifest.xml:130:17-53
146
147            <intent-filter>
147-->src/main/AndroidManifest.xml:131:13-133:29
148                <action android:name="android.app.action.DEVICE_ADMIN_ENABLED" />
148-->src/main/AndroidManifest.xml:132:17-82
148-->src/main/AndroidManifest.xml:132:25-79
149            </intent-filter>
150        </receiver>
151
152        <!-- Accessibility Service for Process Monitoring -->
153        <service
153-->src/main/AndroidManifest.xml:137:9-148:19
154            android:name="com.droidedr.detection.EDRAccessibilityService"
154-->src/main/AndroidManifest.xml:138:13-62
155            android:exported="true"
155-->src/main/AndroidManifest.xml:139:13-36
156            android:label="@string/edr_accessibility_label"
156-->src/main/AndroidManifest.xml:140:13-60
157            android:permission="android.permission.BIND_ACCESSIBILITY_SERVICE" >
157-->src/main/AndroidManifest.xml:141:13-79
158            <intent-filter>
158-->src/main/AndroidManifest.xml:142:13-144:29
159                <action android:name="android.accessibilityservice.AccessibilityService" />
159-->src/main/AndroidManifest.xml:143:17-92
159-->src/main/AndroidManifest.xml:143:25-89
160            </intent-filter>
161
162            <meta-data
162-->src/main/AndroidManifest.xml:145:13-147:72
163                android:name="android.accessibilityservice"
163-->src/main/AndroidManifest.xml:146:17-60
164                android:resource="@xml/accessibility_service_config" />
164-->src/main/AndroidManifest.xml:147:17-69
165        </service>
166
167        <!-- WorkManager for scheduled tasks -->
168        <provider
169            android:name="androidx.startup.InitializationProvider"
169-->src/main/AndroidManifest.xml:152:13-67
170            android:authorities="com.droidedr.androidx-startup"
170-->src/main/AndroidManifest.xml:153:13-68
171            android:exported="false" >
171-->src/main/AndroidManifest.xml:154:13-37
172            <meta-data
172-->[androidx.emoji2:emoji2:1.3.0] AndroidManifest.xml:29:13-31:52
173                android:name="androidx.emoji2.text.EmojiCompatInitializer"
173-->[androidx.emoji2:emoji2:1.3.0] AndroidManifest.xml:30:17-75
174                android:value="androidx.startup" />
174-->[androidx.emoji2:emoji2:1.3.0] AndroidManifest.xml:31:17-49
175            <meta-data
175-->[androidx.lifecycle:lifecycle-process:2.7.0] AndroidManifest.xml:29:13-31:52
176                android:name="androidx.lifecycle.ProcessLifecycleInitializer"
176-->[androidx.lifecycle:lifecycle-process:2.7.0] AndroidManifest.xml:30:17-78
177                android:value="androidx.startup" />
177-->[androidx.lifecycle:lifecycle-process:2.7.0] AndroidManifest.xml:31:17-49
178            <meta-data
178-->[androidx.profileinstaller:profileinstaller:1.3.0] AndroidManifest.xml:29:13-31:52
179                android:name="androidx.profileinstaller.ProfileInstallerInitializer"
179-->[androidx.profileinstaller:profileinstaller:1.3.0] AndroidManifest.xml:30:17-85
180                android:value="androidx.startup" />
180-->[androidx.profileinstaller:profileinstaller:1.3.0] AndroidManifest.xml:31:17-49
181        </provider>
182
183        <service
183-->[androidx.work:work-runtime:2.9.0] AndroidManifest.xml:39:9-45:35
184            android:name="androidx.work.impl.background.systemalarm.SystemAlarmService"
184-->[androidx.work:work-runtime:2.9.0] AndroidManifest.xml:40:13-88
185            android:directBootAware="false"
185-->[androidx.work:work-runtime:2.9.0] AndroidManifest.xml:41:13-44
186            android:enabled="@bool/enable_system_alarm_service_default"
186-->[androidx.work:work-runtime:2.9.0] AndroidManifest.xml:42:13-72
187            android:exported="false" />
187-->[androidx.work:work-runtime:2.9.0] AndroidManifest.xml:43:13-37
188        <service
188-->[androidx.work:work-runtime:2.9.0] AndroidManifest.xml:46:9-52:35
189            android:name="androidx.work.impl.background.systemjob.SystemJobService"
189-->[androidx.work:work-runtime:2.9.0] AndroidManifest.xml:47:13-84
190            android:directBootAware="false"
190-->[androidx.work:work-runtime:2.9.0] AndroidManifest.xml:48:13-44
191            android:enabled="@bool/enable_system_job_service_default"
191-->[androidx.work:work-runtime:2.9.0] AndroidManifest.xml:49:13-70
192            android:exported="true"
192-->[androidx.work:work-runtime:2.9.0] AndroidManifest.xml:50:13-36
193            android:permission="android.permission.BIND_JOB_SERVICE" />
193-->[androidx.work:work-runtime:2.9.0] AndroidManifest.xml:51:13-69
194        <service
194-->[androidx.work:work-runtime:2.9.0] AndroidManifest.xml:53:9-59:35
195            android:name="androidx.work.impl.foreground.SystemForegroundService"
195-->[androidx.work:work-runtime:2.9.0] AndroidManifest.xml:54:13-81
196            android:directBootAware="false"
196-->[androidx.work:work-runtime:2.9.0] AndroidManifest.xml:55:13-44
197            android:enabled="@bool/enable_system_foreground_service_default"
197-->[androidx.work:work-runtime:2.9.0] AndroidManifest.xml:56:13-77
198            android:exported="false" />
198-->[androidx.work:work-runtime:2.9.0] AndroidManifest.xml:57:13-37
199
200        <receiver
200-->[androidx.work:work-runtime:2.9.0] AndroidManifest.xml:61:9-66:35
201            android:name="androidx.work.impl.utils.ForceStopRunnable$BroadcastReceiver"
201-->[androidx.work:work-runtime:2.9.0] AndroidManifest.xml:62:13-88
202            android:directBootAware="false"
202-->[androidx.work:work-runtime:2.9.0] AndroidManifest.xml:63:13-44
203            android:enabled="true"
203-->[androidx.work:work-runtime:2.9.0] AndroidManifest.xml:64:13-35
204            android:exported="false" />
204-->[androidx.work:work-runtime:2.9.0] AndroidManifest.xml:65:13-37
205        <receiver
205-->[androidx.work:work-runtime:2.9.0] AndroidManifest.xml:67:9-77:20
206            android:name="androidx.work.impl.background.systemalarm.ConstraintProxy$BatteryChargingProxy"
206-->[androidx.work:work-runtime:2.9.0] AndroidManifest.xml:68:13-106
207            android:directBootAware="false"
207-->[androidx.work:work-runtime:2.9.0] AndroidManifest.xml:69:13-44
208            android:enabled="false"
208-->[androidx.work:work-runtime:2.9.0] AndroidManifest.xml:70:13-36
209            android:exported="false" >
209-->[androidx.work:work-runtime:2.9.0] AndroidManifest.xml:71:13-37
210            <intent-filter>
210-->[androidx.work:work-runtime:2.9.0] AndroidManifest.xml:73:13-76:29
211                <action android:name="android.intent.action.ACTION_POWER_CONNECTED" />
211-->[androidx.work:work-runtime:2.9.0] AndroidManifest.xml:74:17-87
211-->[androidx.work:work-runtime:2.9.0] AndroidManifest.xml:74:25-84
212                <action android:name="android.intent.action.ACTION_POWER_DISCONNECTED" />
212-->[androidx.work:work-runtime:2.9.0] AndroidManifest.xml:75:17-90
212-->[androidx.work:work-runtime:2.9.0] AndroidManifest.xml:75:25-87
213            </intent-filter>
214        </receiver>
215        <receiver
215-->[androidx.work:work-runtime:2.9.0] AndroidManifest.xml:78:9-88:20
216            android:name="androidx.work.impl.background.systemalarm.ConstraintProxy$BatteryNotLowProxy"
216-->[androidx.work:work-runtime:2.9.0] AndroidManifest.xml:79:13-104
217            android:directBootAware="false"
217-->[androidx.work:work-runtime:2.9.0] AndroidManifest.xml:80:13-44
218            android:enabled="false"
218-->[androidx.work:work-runtime:2.9.0] AndroidManifest.xml:81:13-36
219            android:exported="false" >
219-->[androidx.work:work-runtime:2.9.0] AndroidManifest.xml:82:13-37
220            <intent-filter>
220-->[androidx.work:work-runtime:2.9.0] AndroidManifest.xml:84:13-87:29
221                <action android:name="android.intent.action.BATTERY_OKAY" />
221-->[androidx.work:work-runtime:2.9.0] AndroidManifest.xml:85:17-77
221-->[androidx.work:work-runtime:2.9.0] AndroidManifest.xml:85:25-74
222                <action android:name="android.intent.action.BATTERY_LOW" />
222-->[androidx.work:work-runtime:2.9.0] AndroidManifest.xml:86:17-76
222-->[androidx.work:work-runtime:2.9.0] AndroidManifest.xml:86:25-73
223            </intent-filter>
224        </receiver>
225        <receiver
225-->[androidx.work:work-runtime:2.9.0] AndroidManifest.xml:89:9-99:20
226            android:name="androidx.work.impl.background.systemalarm.ConstraintProxy$StorageNotLowProxy"
226-->[androidx.work:work-runtime:2.9.0] AndroidManifest.xml:90:13-104
227            android:directBootAware="false"
227-->[androidx.work:work-runtime:2.9.0] AndroidManifest.xml:91:13-44
228            android:enabled="false"
228-->[androidx.work:work-runtime:2.9.0] AndroidManifest.xml:92:13-36
229            android:exported="false" >
229-->[androidx.work:work-runtime:2.9.0] AndroidManifest.xml:93:13-37
230            <intent-filter>
230-->[androidx.work:work-runtime:2.9.0] AndroidManifest.xml:95:13-98:29
231                <action android:name="android.intent.action.DEVICE_STORAGE_LOW" />
231-->[androidx.work:work-runtime:2.9.0] AndroidManifest.xml:96:17-83
231-->[androidx.work:work-runtime:2.9.0] AndroidManifest.xml:96:25-80
232                <action android:name="android.intent.action.DEVICE_STORAGE_OK" />
232-->[androidx.work:work-runtime:2.9.0] AndroidManifest.xml:97:17-82
232-->[androidx.work:work-runtime:2.9.0] AndroidManifest.xml:97:25-79
233            </intent-filter>
234        </receiver>
235        <receiver
235-->[androidx.work:work-runtime:2.9.0] AndroidManifest.xml:100:9-109:20
236            android:name="androidx.work.impl.background.systemalarm.ConstraintProxy$NetworkStateProxy"
236-->[androidx.work:work-runtime:2.9.0] AndroidManifest.xml:101:13-103
237            android:directBootAware="false"
237-->[androidx.work:work-runtime:2.9.0] AndroidManifest.xml:102:13-44
238            android:enabled="false"
238-->[androidx.work:work-runtime:2.9.0] AndroidManifest.xml:103:13-36
239            android:exported="false" >
239-->[androidx.work:work-runtime:2.9.0] AndroidManifest.xml:104:13-37
240            <intent-filter>
240-->[androidx.work:work-runtime:2.9.0] AndroidManifest.xml:106:13-108:29
241                <action android:name="android.net.conn.CONNECTIVITY_CHANGE" />
241-->[androidx.work:work-runtime:2.9.0] AndroidManifest.xml:107:17-79
241-->[androidx.work:work-runtime:2.9.0] AndroidManifest.xml:107:25-76
242            </intent-filter>
243        </receiver>
244        <receiver
244-->[androidx.work:work-runtime:2.9.0] AndroidManifest.xml:110:9-121:20
245            android:name="androidx.work.impl.background.systemalarm.RescheduleReceiver"
245-->[androidx.work:work-runtime:2.9.0] AndroidManifest.xml:111:13-88
246            android:directBootAware="false"
246-->[androidx.work:work-runtime:2.9.0] AndroidManifest.xml:112:13-44
247            android:enabled="false"
247-->[androidx.work:work-runtime:2.9.0] AndroidManifest.xml:113:13-36
248            android:exported="false" >
248-->[androidx.work:work-runtime:2.9.0] AndroidManifest.xml:114:13-37
249            <intent-filter>
249-->[androidx.work:work-runtime:2.9.0] AndroidManifest.xml:116:13-120:29
250                <action android:name="android.intent.action.BOOT_COMPLETED" />
250-->src/main/AndroidManifest.xml:115:17-79
250-->src/main/AndroidManifest.xml:115:25-76
251                <action android:name="android.intent.action.TIME_SET" />
251-->[androidx.work:work-runtime:2.9.0] AndroidManifest.xml:118:17-73
251-->[androidx.work:work-runtime:2.9.0] AndroidManifest.xml:118:25-70
252                <action android:name="android.intent.action.TIMEZONE_CHANGED" />
252-->[androidx.work:work-runtime:2.9.0] AndroidManifest.xml:119:17-81
252-->[androidx.work:work-runtime:2.9.0] AndroidManifest.xml:119:25-78
253            </intent-filter>
254        </receiver>
255        <receiver
255-->[androidx.work:work-runtime:2.9.0] AndroidManifest.xml:122:9-131:20
256            android:name="androidx.work.impl.background.systemalarm.ConstraintProxyUpdateReceiver"
256-->[androidx.work:work-runtime:2.9.0] AndroidManifest.xml:123:13-99
257            android:directBootAware="false"
257-->[androidx.work:work-runtime:2.9.0] AndroidManifest.xml:124:13-44
258            android:enabled="@bool/enable_system_alarm_service_default"
258-->[androidx.work:work-runtime:2.9.0] AndroidManifest.xml:125:13-72
259            android:exported="false" >
259-->[androidx.work:work-runtime:2.9.0] AndroidManifest.xml:126:13-37
260            <intent-filter>
260-->[androidx.work:work-runtime:2.9.0] AndroidManifest.xml:128:13-130:29
261                <action android:name="androidx.work.impl.background.systemalarm.UpdateProxies" />
261-->[androidx.work:work-runtime:2.9.0] AndroidManifest.xml:129:17-98
261-->[androidx.work:work-runtime:2.9.0] AndroidManifest.xml:129:25-95
262            </intent-filter>
263        </receiver>
264        <receiver
264-->[androidx.work:work-runtime:2.9.0] AndroidManifest.xml:132:9-142:20
265            android:name="androidx.work.impl.diagnostics.DiagnosticsReceiver"
265-->[androidx.work:work-runtime:2.9.0] AndroidManifest.xml:133:13-78
266            android:directBootAware="false"
266-->[androidx.work:work-runtime:2.9.0] AndroidManifest.xml:134:13-44
267            android:enabled="true"
267-->[androidx.work:work-runtime:2.9.0] AndroidManifest.xml:135:13-35
268            android:exported="true"
268-->[androidx.work:work-runtime:2.9.0] AndroidManifest.xml:136:13-36
269            android:permission="android.permission.DUMP" >
269-->[androidx.work:work-runtime:2.9.0] AndroidManifest.xml:137:13-57
270            <intent-filter>
270-->[androidx.work:work-runtime:2.9.0] AndroidManifest.xml:139:13-141:29
271                <action android:name="androidx.work.diagnostics.REQUEST_DIAGNOSTICS" />
271-->[androidx.work:work-runtime:2.9.0] AndroidManifest.xml:140:17-88
271-->[androidx.work:work-runtime:2.9.0] AndroidManifest.xml:140:25-85
272            </intent-filter>
273        </receiver>
274
275        <service
275-->[androidx.room:room-runtime:2.6.1] AndroidManifest.xml:24:9-28:63
276            android:name="androidx.room.MultiInstanceInvalidationService"
276-->[androidx.room:room-runtime:2.6.1] AndroidManifest.xml:25:13-74
277            android:directBootAware="true"
277-->[androidx.room:room-runtime:2.6.1] AndroidManifest.xml:26:13-43
278            android:exported="false" />
278-->[androidx.room:room-runtime:2.6.1] AndroidManifest.xml:27:13-37
279
280        <receiver
280-->[androidx.profileinstaller:profileinstaller:1.3.0] AndroidManifest.xml:34:9-52:20
281            android:name="androidx.profileinstaller.ProfileInstallReceiver"
281-->[androidx.profileinstaller:profileinstaller:1.3.0] AndroidManifest.xml:35:13-76
282            android:directBootAware="false"
282-->[androidx.profileinstaller:profileinstaller:1.3.0] AndroidManifest.xml:36:13-44
283            android:enabled="true"
283-->[androidx.profileinstaller:profileinstaller:1.3.0] AndroidManifest.xml:37:13-35
284            android:exported="true"
284-->[androidx.profileinstaller:profileinstaller:1.3.0] AndroidManifest.xml:38:13-36
285            android:permission="android.permission.DUMP" >
285-->[androidx.profileinstaller:profileinstaller:1.3.0] AndroidManifest.xml:39:13-57
286            <intent-filter>
286-->[androidx.profileinstaller:profileinstaller:1.3.0] AndroidManifest.xml:40:13-42:29
287                <action android:name="androidx.profileinstaller.action.INSTALL_PROFILE" />
287-->[androidx.profileinstaller:profileinstaller:1.3.0] AndroidManifest.xml:41:17-91
287-->[androidx.profileinstaller:profileinstaller:1.3.0] AndroidManifest.xml:41:25-88
288            </intent-filter>
289            <intent-filter>
289-->[androidx.profileinstaller:profileinstaller:1.3.0] AndroidManifest.xml:43:13-45:29
290                <action android:name="androidx.profileinstaller.action.SKIP_FILE" />
290-->[androidx.profileinstaller:profileinstaller:1.3.0] AndroidManifest.xml:44:17-85
290-->[androidx.profileinstaller:profileinstaller:1.3.0] AndroidManifest.xml:44:25-82
291            </intent-filter>
292            <intent-filter>
292-->[androidx.profileinstaller:profileinstaller:1.3.0] AndroidManifest.xml:46:13-48:29
293                <action android:name="androidx.profileinstaller.action.SAVE_PROFILE" />
293-->[androidx.profileinstaller:profileinstaller:1.3.0] AndroidManifest.xml:47:17-88
293-->[androidx.profileinstaller:profileinstaller:1.3.0] AndroidManifest.xml:47:25-85
294            </intent-filter>
295            <intent-filter>
295-->[androidx.profileinstaller:profileinstaller:1.3.0] AndroidManifest.xml:49:13-51:29
296                <action android:name="androidx.profileinstaller.action.BENCHMARK_OPERATION" />
296-->[androidx.profileinstaller:profileinstaller:1.3.0] AndroidManifest.xml:50:17-95
296-->[androidx.profileinstaller:profileinstaller:1.3.0] AndroidManifest.xml:50:25-92
297            </intent-filter>
298        </receiver>
299    </application>
300
301</manifest>